<?xml version="1.0" encoding="UTF-8"?>
<!-- Generated by org.testng.reporters.JUnitReportReporter -->
<testsuite hostname="Venkatesh_Ravi" failures="0" tests="2" name="hook.Hook" time="5.307" errors="0" timestamp="21 Aug 2025 11:35:30 GMT" skipped="0">
  <testcase classname="hook.Hook" name="setUp" time="5.078"/>
  <testcase classname="hook.Hook" name="tearDown" time="0.229"/>
</testsuite> <!-- hook.Hook -->
