<?xml version="1.0" encoding="UTF-8"?>
<!-- Generated by org.testng.reporters.JUnitReportReporter -->
<testsuite hostname="Venkatesh_Ravi" failures="0" tests="1" name="runner.Runner" time="2.862" errors="0" timestamp="22 Aug 2025 10:55:13 GMT" skipped="0">
  <testcase classname="runner.Runner" name="runScenario" time="2.862"/>
</testsuite> <!-- runner.Runner -->
