<?xml version="1.0" encoding="UTF-8"?>
<!-- Generated by org.testng.reporters.JUnitReportReporter -->
<testsuite hostname="Venkatesh_Ravi" failures="0" tests="2" name="runner.Runner" time="4.893" errors="0" timestamp="22 Aug 2025 11:25:20 GMT" skipped="0">
  <testcase classname="runner.Runner" name="runScenario" time="1.693"/>
  <testcase classname="runner.Runner" name="runScenario" time="3.200"/>
</testsuite> <!-- runner.Runner -->
